<?xml version="1.0" encoding="UTF-8"?>
<!-- Generated by org.testng.reporters.JUnitReportReporter -->
<testsuite hostname="ULTP_284" name="SeleniumJarsdownload" tests="1" failures="0" timestamp="14 Oct 2015 10:28:47 GMT" time="11.772" errors="0">
  <testcase name="doLogin" time="11.772" classname="SeleniumJarsdownload"/>
</testsuite> <!-- SeleniumJarsdownload -->
