<?xml version="1.0" encoding="UTF-8"?>
<!-- Generated by org.testng.reporters.JUnitReportReporter -->
<testsuite hostname="ULTP_284" name="Gmail" tests="1" failures="0" timestamp="8 Jul 2015 14:10:22 GMT" time="10.402" errors="0">
  <testcase name="doLogin" time="10.402" classname="Gmail"/>
</testsuite> <!-- Gmail -->
